#
# There is insufficient memory for the Java Runtime Environment to continue.
# Native memory allocation (malloc) failed to allocate 1582688 bytes for Chunk::new
# Possible reasons:
#   The system is out of physical RAM or swap space
#   The process is running with CompressedOops enabled, and the Java Heap may be blocking the growth of the native heap
# Possible solutions:
#   Reduce memory load on the system
#   Increase physical memory or swap space
#   Check if swap backing store is full
#   Decrease Java heap size (-Xmx/-Xms)
#   Decrease number of Java threads
#   Decrease Java thread stack sizes (-Xss)
#   Set larger code cache with -XX:ReservedCodeCacheSize=
#   JVM is running with Unscaled Compressed Oops mode in which the Java heap is
#     placed in the first 4GB address space. The Java Heap base address is the
#     maximum limit for the native heap growth. Please use -XX:HeapBaseMinAddress
#     to set the Java Heap base and to place the Java Heap above 4GB virtual address.
# This output file may be truncated or incomplete.
#
#  Out of Memory Error (allocation.cpp:389), pid=18784, tid=0x0000000000004e8c
#
# JRE version: OpenJDK Runtime Environment (8.0_292-b10) (build 1.8.0_292-b10)
# Java VM: OpenJDK 64-Bit Server VM (25.292-b10 mixed mode windows-amd64 compressed oops)
# Failed to write core dump. Minidumps are not enabled by default on client versions of Windows
#

---------------  T H R E A D  ---------------

Current thread (0x00000173f73ca800):  JavaThread "C2 CompilerThread0" daemon [_thread_in_native, id=20108, stack(0x00000002e1e00000,0x00000002e1f00000)]

Stack: [0x00000002e1e00000,0x00000002e1f00000]
[error occurred during error reporting (printing stack bounds), id 0xc0000005]

Native frames: (J=compiled Java code, j=interpreted, Vv=VM code, C=native code)


Current CompileTask:
C2:  58802 5282   !   4       com.sun.beans.TypeResolver::resolve (274 bytes)


---------------  P R O C E S S  ---------------

Java Threads: ( => current thread )
  0x00000173fd73f800 JavaThread "Memory manager" [_thread_blocked, id=23664, stack(0x00000002ea300000,0x00000002ea400000)]
  0x00000173fd73e800 JavaThread "jar transforms Thread 97" [_thread_blocked, id=32504, stack(0x00000002ea200000,0x00000002ea300000)]
  0x00000173fd73e000 JavaThread "jar transforms Thread 96" [_thread_blocked, id=24360, stack(0x00000002ea100000,0x00000002ea200000)]
  0x00000173fd738800 JavaThread "jar transforms Thread 95" [_thread_blocked, id=36400, stack(0x00000002ea000000,0x00000002ea100000)]
  0x00000173fd736000 JavaThread "jar transforms Thread 94" [_thread_blocked, id=22312, stack(0x00000002e9f00000,0x00000002ea000000)]
  0x00000173fd73d000 JavaThread "jar transforms Thread 93" [_thread_blocked, id=19724, stack(0x00000002e9e00000,0x00000002e9f00000)]
  0x00000173fd73c800 JavaThread "jar transforms Thread 92" [_thread_blocked, id=268, stack(0x00000002e9d00000,0x00000002e9e00000)]
  0x00000173fd73b000 JavaThread "jar transforms Thread 91" [_thread_blocked, id=34140, stack(0x00000002e9c00000,0x00000002e9d00000)]
  0x00000173fd73b800 JavaThread "jar transforms Thread 90" [_thread_blocked, id=13352, stack(0x00000002e9b00000,0x00000002e9c00000)]
  0x00000173fd73a000 JavaThread "jar transforms Thread 89" [_thread_blocked, id=35440, stack(0x00000002e9a00000,0x00000002e9b00000)]
  0x00000173fd739000 JavaThread "jar transforms Thread 88" [_thread_blocked, id=28844, stack(0x00000002e9900000,0x00000002e9a00000)]
  0x00000173fd737000 JavaThread "jar transforms Thread 87" [_thread_blocked, id=27328, stack(0x00000002e9800000,0x00000002e9900000)]
  0x00000173fca67800 JavaThread "jar transforms Thread 86" [_thread_blocked, id=36796, stack(0x00000002e9700000,0x00000002e9800000)]
  0x00000173fca67000 JavaThread "jar transforms Thread 85" [_thread_blocked, id=20300, stack(0x00000002e9600000,0x00000002e9700000)]
  0x00000173fca69000 JavaThread "jar transforms Thread 84" [_thread_blocked, id=32080, stack(0x00000002e9500000,0x00000002e9600000)]
  0x00000173fca68800 JavaThread "jar transforms Thread 83" [_thread_blocked, id=33904, stack(0x00000002e9400000,0x00000002e9500000)]
  0x00000173fca66000 JavaThread "jar transforms Thread 82" [_thread_blocked, id=36504, stack(0x00000002e9300000,0x00000002e9400000)]
  0x00000173fca65000 JavaThread "jar transforms Thread 81" [_thread_blocked, id=33772, stack(0x00000002e9200000,0x00000002e9300000)]
  0x00000173fca5e000 JavaThread "jar transforms Thread 80" [_thread_blocked, id=36312, stack(0x00000002e9100000,0x00000002e9200000)]
  0x00000173fca63800 JavaThread "jar transforms Thread 79" [_thread_blocked, id=18972, stack(0x00000002e9000000,0x00000002e9100000)]
  0x00000173fca63000 JavaThread "jar transforms Thread 78" [_thread_blocked, id=32736, stack(0x00000002e8f00000,0x00000002e9000000)]
  0x00000173fca62000 JavaThread "jar transforms Thread 77" [_thread_blocked, id=20780, stack(0x00000002e8e00000,0x00000002e8f00000)]
  0x00000173fca61800 JavaThread "jar transforms Thread 76" [_thread_blocked, id=972, stack(0x00000002e8d00000,0x00000002e8e00000)]
  0x00000173fca64800 JavaThread "jar transforms Thread 75" [_thread_blocked, id=28396, stack(0x00000002e8c00000,0x00000002e8d00000)]
  0x00000173fca5a000 JavaThread "jar transforms Thread 74" [_thread_blocked, id=34856, stack(0x00000002e8b00000,0x00000002e8c00000)]
  0x00000173fca5c800 JavaThread "jar transforms Thread 73" [_thread_blocked, id=33780, stack(0x00000002e8a00000,0x00000002e8b00000)]
  0x00000173fca5f800 JavaThread "jar transforms Thread 72" [_thread_blocked, id=8460, stack(0x00000002e8900000,0x00000002e8a00000)]
  0x00000173fca5c000 JavaThread "jar transforms Thread 71" [_thread_blocked, id=13808, stack(0x00000002e8800000,0x00000002e8900000)]
  0x00000173fca5f000 JavaThread "jar transforms Thread 70" [_thread_blocked, id=12580, stack(0x00000002e8700000,0x00000002e8800000)]
  0x00000173fca5d800 JavaThread "jar transforms Thread 69" [_thread_blocked, id=19172, stack(0x00000002e8600000,0x00000002e8700000)]
  0x00000173fca60800 JavaThread "jar transforms Thread 68" [_thread_blocked, id=27284, stack(0x00000002e8500000,0x00000002e8600000)]
  0x00000173fca5b000 JavaThread "jar transforms Thread 67" [_thread_blocked, id=22848, stack(0x00000002e8400000,0x00000002e8500000)]
  0x00000173fb1b5000 JavaThread "jar transforms Thread 66" [_thread_blocked, id=9896, stack(0x00000002e8300000,0x00000002e8400000)]
  0x00000173fb1b4000 JavaThread "jar transforms Thread 65" [_thread_blocked, id=20292, stack(0x00000002e8200000,0x00000002e8300000)]
  0x00000173fb1b0000 JavaThread "jar transforms Thread 64" [_thread_blocked, id=30540, stack(0x00000002e8100000,0x00000002e8200000)]
  0x00000173fb1b1000 JavaThread "jar transforms Thread 63" [_thread_blocked, id=35012, stack(0x00000002e8000000,0x00000002e8100000)]
  0x00000173fb1b3800 JavaThread "jar transforms Thread 62" [_thread_blocked, id=15556, stack(0x00000002e7f00000,0x00000002e8000000)]
  0x00000173fb1af800 JavaThread "jar transforms Thread 61" [_thread_blocked, id=35272, stack(0x00000002e7e00000,0x00000002e7f00000)]
  0x00000173fb1b2800 JavaThread "jar transforms Thread 60" [_thread_blocked, id=30780, stack(0x00000002e7d00000,0x00000002e7e00000)]
  0x00000173fb1b2000 JavaThread "jar transforms Thread 59" [_thread_blocked, id=29152, stack(0x00000002e7c00000,0x00000002e7d00000)]
  0x00000173fb1a7800 JavaThread "jar transforms Thread 58" [_thread_blocked, id=25108, stack(0x00000002e7b00000,0x00000002e7c00000)]
  0x00000173fb1ae800 JavaThread "jar transforms Thread 57" [_thread_blocked, id=31064, stack(0x00000002e7a00000,0x00000002e7b00000)]
  0x00000173fb1a7000 JavaThread "jar transforms Thread 56" [_thread_blocked, id=17148, stack(0x00000002e7900000,0x00000002e7a00000)]
  0x00000173fb1aa000 JavaThread "jar transforms Thread 55" [_thread_blocked, id=29656, stack(0x00000002e7800000,0x00000002e7900000)]
  0x00000173fb1ab800 JavaThread "jar transforms Thread 54" [_thread_blocked, id=35008, stack(0x00000002e7700000,0x00000002e7800000)]
  0x00000173fb1aa800 JavaThread "jar transforms Thread 53" [_thread_blocked, id=10828, stack(0x00000002e7600000,0x00000002e7700000)]
  0x00000173fb1a9000 JavaThread "jar transforms Thread 52" [_thread_blocked, id=33708, stack(0x00000002e7500000,0x00000002e7600000)]
  0x00000173fb1a8800 JavaThread "jar transforms Thread 51" [_thread_blocked, id=28268, stack(0x00000002e7400000,0x00000002e7500000)]
  0x00000173fb1ae000 JavaThread "jar transforms Thread 50" [_thread_blocked, id=28476, stack(0x00000002e7300000,0x00000002e7400000)]
  0x00000173fb1ac800 JavaThread "jar transforms Thread 49" [_thread_blocked, id=35176, stack(0x00000002e7200000,0x00000002e7300000)]
  0x00000173fb1a6000 JavaThread "jar transforms Thread 48" [_thread_blocked, id=14212, stack(0x00000002e7100000,0x00000002e7200000)]
  0x00000173fb1ad000 JavaThread "jar transforms Thread 47" [_thread_blocked, id=34960, stack(0x00000002e7000000,0x00000002e7100000)]
  0x00000173fd4b3800 JavaThread "jar transforms Thread 46" [_thread_blocked, id=1548, stack(0x00000002e6f00000,0x00000002e7000000)]
  0x00000173fd4b2800 JavaThread "jar transforms Thread 45" [_thread_blocked, id=24104, stack(0x00000002e6e00000,0x00000002e6f00000)]
  0x00000173fd4b2000 JavaThread "jar transforms Thread 44" [_thread_blocked, id=27624, stack(0x00000002e6d00000,0x00000002e6e00000)]
  0x00000173fd4b1000 JavaThread "jar transforms Thread 43" [_thread_blocked, id=1724, stack(0x00000002e6c00000,0x00000002e6d00000)]
  0x00000173fd4b0800 JavaThread "jar transforms Thread 42" [_thread_blocked, id=29524, stack(0x00000002e6b00000,0x00000002e6c00000)]
  0x00000173fd4af800 JavaThread "jar transforms Thread 41" [_thread_blocked, id=10120, stack(0x00000002e6a00000,0x00000002e6b00000)]
  0x00000173fd4b4000 JavaThread "jar transforms Thread 40" [_thread_blocked, id=17460, stack(0x00000002e6900000,0x00000002e6a00000)]
  0x00000173fd4ae800 JavaThread "jar transforms Thread 39" [_thread_blocked, id=20696, stack(0x00000002e6800000,0x00000002e6900000)]
  0x00000173fd4ae000 JavaThread "jar transforms Thread 38" [_thread_blocked, id=30296, stack(0x00000002e6700000,0x00000002e6800000)]
  0x00000173fd4a6000 JavaThread "jar transforms Thread 37" [_thread_blocked, id=8564, stack(0x00000002e6600000,0x00000002e6700000)]
  0x00000173fd4ad000 JavaThread "jar transforms Thread 36" [_thread_blocked, id=23408, stack(0x00000002e6500000,0x00000002e6600000)]
  0x00000173fd4ab000 JavaThread "jar transforms Thread 35" [_thread_blocked, id=36208, stack(0x00000002e6400000,0x00000002e6500000)]
  0x00000173fd4a9000 JavaThread "jar transforms Thread 34" [_thread_blocked, id=7644, stack(0x00000002e6300000,0x00000002e6400000)]
  0x00000173fd4a7800 JavaThread "jar transforms Thread 33" [_thread_blocked, id=33932, stack(0x00000002e6200000,0x00000002e6300000)]
  0x00000173fd4a8800 JavaThread "jar transforms Thread 32" [_thread_blocked, id=22232, stack(0x00000002e6100000,0x00000002e6200000)]
  0x00000173fd4a7000 JavaThread "jar transforms Thread 31" [_thread_blocked, id=31108, stack(0x00000002e6000000,0x00000002e6100000)]
  0x00000173fd4a5800 JavaThread "jar transforms Thread 30" [_thread_blocked, id=20052, stack(0x00000002e5f00000,0x00000002e6000000)]
  0x00000173fd4ac800 JavaThread "jar transforms Thread 29" [_thread_blocked, id=31756, stack(0x00000002e5e00000,0x00000002e5f00000)]
  0x00000173fd4aa000 JavaThread "jar transforms Thread 28" [_thread_blocked, id=35752, stack(0x00000002e5d00000,0x00000002e5e00000)]
  0x00000173fd4ab800 JavaThread "jar transforms Thread 27" [_thread_blocked, id=20776, stack(0x00000002e5c00000,0x00000002e5d00000)]
  0x00000173fa90c800 JavaThread "jar transforms Thread 26" [_thread_blocked, id=12008, stack(0x00000002e5b00000,0x00000002e5c00000)]
  0x00000173fa90b800 JavaThread "jar transforms Thread 25" [_thread_blocked, id=26292, stack(0x00000002e5a00000,0x00000002e5b00000)]
  0x00000173fa90d000 JavaThread "jar transforms Thread 24" [_thread_blocked, id=35232, stack(0x00000002e5900000,0x00000002e5a00000)]
  0x00000173fa90a000 JavaThread "jar transforms Thread 23" [_thread_blocked, id=8392, stack(0x00000002e5800000,0x00000002e5900000)]
  0x00000173fa903800 JavaThread "jar transforms Thread 22" [_thread_blocked, id=35888, stack(0x00000002e5700000,0x00000002e5800000)]
  0x00000173fa90a800 JavaThread "jar transforms Thread 21" [_thread_blocked, id=1320, stack(0x00000002e5600000,0x00000002e5700000)]
  0x00000173fa909000 JavaThread "jar transforms Thread 20" [_thread_blocked, id=34936, stack(0x00000002e5500000,0x00000002e5600000)]
  0x00000173fa901800 JavaThread "jar transforms Thread 19" [_thread_blocked, id=17536, stack(0x00000002e5400000,0x00000002e5500000)]
  0x00000173fa902000 JavaThread "jar transforms Thread 18" [_thread_blocked, id=35460, stack(0x00000002e5300000,0x00000002e5400000)]
  0x00000173fa908800 JavaThread "jar transforms Thread 17" [_thread_blocked, id=21764, stack(0x00000002e5200000,0x00000002e5300000)]
  0x00000173fa907800 JavaThread "jar transforms Thread 16" [_thread_blocked, id=23548, stack(0x00000002e5100000,0x00000002e5200000)]
  0x00000173fa907000 JavaThread "jar transforms Thread 15" [_thread_blocked, id=34092, stack(0x00000002e5000000,0x00000002e5100000)]
  0x00000173fa8ff000 JavaThread "jar transforms Thread 14" [_thread_blocked, id=31528, stack(0x00000002e4f00000,0x00000002e5000000)]
  0x00000173fa906000 JavaThread "jar transforms Thread 13" [_thread_blocked, id=30076, stack(0x00000002e4e00000,0x00000002e4f00000)]
  0x00000173fa900800 JavaThread "jar transforms Thread 12" [_thread_blocked, id=16260, stack(0x00000002e4d00000,0x00000002e4e00000)]
  0x00000173fa8fe000 JavaThread "jar transforms Thread 11" [_thread_blocked, id=34040, stack(0x00000002e4c00000,0x00000002e4d00000)]
  0x00000173fa900000 JavaThread "jar transforms Thread 10" [_thread_blocked, id=24776, stack(0x00000002e4b00000,0x00000002e4c00000)]
  0x00000173fa905800 JavaThread "jar transforms Thread 9" [_thread_blocked, id=21336, stack(0x00000002e4a00000,0x00000002e4b00000)]
  0x00000173fa903000 JavaThread "jar transforms Thread 8" [_thread_blocked, id=22224, stack(0x00000002e4900000,0x00000002e4a00000)]
  0x00000173fa904800 JavaThread "jar transforms Thread 7" [_thread_blocked, id=24684, stack(0x00000002e4800000,0x00000002e4900000)]
  0x00000173fbeee800 JavaThread "jar transforms Thread 6" [_thread_blocked, id=36244, stack(0x00000002e4700000,0x00000002e4800000)]
  0x00000173fbef4800 JavaThread "jar transforms Thread 5" [_thread_blocked, id=25712, stack(0x00000002e4600000,0x00000002e4700000)]
  0x00000173fbef4000 JavaThread "jar transforms Thread 4" [_thread_blocked, id=30764, stack(0x00000002e4500000,0x00000002e4600000)]
  0x00000173fbef3000 JavaThread "jar transforms Thread 3" [_thread_blocked, id=19764, stack(0x00000002e4400000,0x00000002e4500000)]
  0x00000173fbef5800 JavaThread "jar transforms Thread 2" [_thread_blocked, id=16548, stack(0x00000002e4300000,0x00000002e4400000)]
  0x00000173fbeed800 JavaThread "Build operations Thread 8" [_thread_blocked, id=33900, stack(0x00000002e4200000,0x00000002e4300000)]
  0x00000173fbef2800 JavaThread "Build operations Thread 7" [_thread_blocked, id=3972, stack(0x00000002e4100000,0x00000002e4200000)]
  0x00000173fbeed000 JavaThread "Build operations Thread 6" [_thread_blocked, id=36836, stack(0x00000002e4000000,0x00000002e4100000)]
  0x00000173fbef1800 JavaThread "Build operations Thread 5" [_thread_blocked, id=19392, stack(0x00000002e3f00000,0x00000002e4000000)]
  0x00000173fbef1000 JavaThread "Build operations Thread 4" [_thread_blocked, id=35088, stack(0x00000002e3e00000,0x00000002e3f00000)]
  0x00000173fbee9000 JavaThread "Build operations Thread 3" [_thread_blocked, id=2008, stack(0x00000002e3d00000,0x00000002e3e00000)]
  0x00000173fbef0000 JavaThread "Build operations Thread 2" [_thread_blocked, id=18304, stack(0x00000002e3c00000,0x00000002e3d00000)]
  0x00000173fbeef000 JavaThread "Build operations" [_thread_blocked, id=19136, stack(0x00000002e3b00000,0x00000002e3c00000)]
  0x00000173fbeec000 JavaThread "Cache worker for Build Output Cleanup Cache (C:\Users\songf\Desktop\react\MyAccount\android\.gradle\buildOutputCleanup)" [_thread_blocked, id=34480, stack(0x00000002e3a00000,0x00000002e3b00000)]
  0x00000173fbeea800 JavaThread "Cache worker for file content cache (C:\Users\songf\.gradle\caches\6.9\fileContent)" [_thread_blocked, id=12624, stack(0x00000002e3700000,0x00000002e3800000)]
  0x00000173fa8b6800 JavaThread "jar transforms" [_thread_blocked, id=34772, stack(0x00000002e3600000,0x00000002e3700000)]
  0x00000173fa8bd800 JavaThread "Cache worker for execution history cache (C:\Users\songf\.gradle\caches\6.9\executionHistory)" [_thread_blocked, id=17388, stack(0x00000002e3500000,0x00000002e3600000)]
  0x00000173fa8bb000 JavaThread "Cache worker for cache directory md-rule (C:\Users\songf\.gradle\caches\6.9\md-rule)" [_thread_blocked, id=10924, stack(0x00000002e3400000,0x00000002e3500000)]
  0x00000173fa8bc800 JavaThread "Cache worker for cache directory md-supplier (C:\Users\songf\.gradle\caches\6.9\md-supplier)" [_thread_blocked, id=32040, stack(0x00000002e3300000,0x00000002e3400000)]
  0x00000173fa8ba800 JavaThread "Cache worker for checksums cache (C:\Users\songf\Desktop\react\MyAccount\android\.gradle\checksums)" [_thread_blocked, id=18112, stack(0x00000002e3200000,0x00000002e3300000)]
  0x00000173fa8bc000 JavaThread "Cache worker for file hash cache (C:\Users\songf\Desktop\react\MyAccount\android\.gradle\6.9\fileHashes)" [_thread_blocked, id=18468, stack(0x00000002e3100000,0x00000002e3200000)]
  0x00000173fa8b9800 JavaThread "Cache worker for journal cache (C:\Users\songf\.gradle\caches\journal-1)" [_thread_blocked, id=13092, stack(0x00000002e3000000,0x00000002e3100000)]
  0x00000173fa8b7000 JavaThread "File lock request listener" [_thread_in_native, id=35720, stack(0x00000002e2f00000,0x00000002e3000000)]
  0x00000173fa8b8000 JavaThread "Cache worker for file hash cache (C:\Users\songf\.gradle\caches\6.9\fileHashes)" [_thread_blocked, id=31416, stack(0x00000002e2e00000,0x00000002e2f00000)]
  0x00000173fa53f000 JavaThread "Daemon client event forwarder" [_thread_blocked, id=2088, stack(0x00000002e2d00000,0x00000002e2e00000)]
  0x00000173fa464000 JavaThread "Stdin handler" [_thread_blocked, id=14904, stack(0x00000002e2c00000,0x00000002e2d00000)]
  0x00000173fa463800 JavaThread "Asynchronous log dispatcher for DefaultDaemonConnection: socket connection from /127.0.0.1:62076 to /127.0.0.1:62077" [_thread_blocked, id=22864, stack(0x00000002e2b00000,0x00000002e2c00000)]
  0x00000173f91c2800 JavaThread "Daemon worker" [_thread_in_vm, id=36764, stack(0x00000002e2a00000,0x00000002e2b00000)]
  0x00000173f9d14800 JavaThread "Cancel handler" [_thread_blocked, id=16652, stack(0x00000002e2900000,0x00000002e2a00000)]
  0x00000173f9d14000 JavaThread "Handler for socket connection from /127.0.0.1:62076 to /127.0.0.1:62077" [_thread_in_native, id=9024, stack(0x00000002e2800000,0x00000002e2900000)]
  0x00000173fb0eb800 JavaThread "Daemon" [_thread_blocked, id=3724, stack(0x00000002e2700000,0x00000002e2800000)]
  0x00000173fb107800 JavaThread "Daemon periodic checks" [_thread_blocked, id=33364, stack(0x00000002e2600000,0x00000002e2700000)]
  0x00000173fb0ee000 JavaThread "Incoming local TCP Connector on port 62076" [_thread_in_native, id=18660, stack(0x00000002e2500000,0x00000002e2600000)]
  0x00000173fb091800 JavaThread "Daemon health stats" [_thread_blocked, id=28992, stack(0x00000002e2400000,0x00000002e2500000)]
  0x00000173f91ca800 JavaThread "Service Thread" daemon [_thread_blocked, id=3004, stack(0x00000002e2200000,0x00000002e2300000)]
  0x00000173f917b800 JavaThread "C1 CompilerThread3" daemon [_thread_blocked, id=34516, stack(0x00000002e2100000,0x00000002e2200000)]
  0x00000173f9172800 JavaThread "C2 CompilerThread2" daemon [_thread_in_native, id=21036, stack(0x00000002e2000000,0x00000002e2100000)]
  0x00000173f73cc800 JavaThread "C2 CompilerThread1" daemon [_thread_in_native, id=26040, stack(0x00000002e1f00000,0x00000002e2000000)]
=>0x00000173f73ca800 JavaThread "C2 CompilerThread0" daemon [_thread_in_native, id=20108, stack(0x00000002e1e00000,0x00000002e1f00000)]
  0x00000173f73bd800 JavaThread "Attach Listener" daemon [_thread_blocked, id=18412, stack(0x00000002e1d00000,0x00000002e1e00000)]
  0x00000173f7364000 JavaThread "Signal Dispatcher" daemon [_thread_blocked, id=36212, stack(0x00000002e1c00000,0x00000002e1d00000)]
  0x00000173f732a000 JavaThread "Finalizer" daemon [_thread_blocked, id=36708, stack(0x00000002e1b00000,0x00000002e1c00000)]
  0x00000173f7320800 JavaThread "Reference Handler" daemon [_thread_blocked, id=36220, stack(0x00000002e1a00000,0x00000002e1b00000)]
  0x00000173f3624000 JavaThread "main" [_thread_blocked, id=35732, stack(0x00000002e1000000,0x00000002e1100000)]

Other Threads:
  0x00000173f72f8800 VMThread [stack: 0x00000002e1900000,0x00000002e1a00000] [id=35040]
  0x00000173f91ce800 WatcherThread [stack: 0x00000002e2300000,0x00000002e2400000] [id=20876]

VM state:not at safepoint (normal execution)

VM Mutex/Monitor currently owned by a thread: None

heap address: 0x00000000e0000000, size: 512 MB, Compressed Oops mode: 32-bit
Narrow klass base: 0x0000000000000000, Narrow klass shift: 3
Compressed class space size: 1073741824 Address: 0x0000000100000000

Heap:
 PSYoungGen      total 133632K, used 116470K [0x00000000f5580000, 0x0000000100000000, 0x0000000100000000)
  eden space 121856K, 85% used [0x00000000f5580000,0x00000000fbbc1ff0,0x00000000fcc80000)
  from space 11776K, 99% used [0x00000000fcc80000,0x00000000fd7fb810,0x00000000fd800000)
  to   space 15360K, 0% used [0x00000000ff100000,0x00000000ff100000,0x0000000100000000)
 ParOldGen       total 175104K, used 22589K [0x00000000e0000000, 0x00000000eab00000, 0x00000000f5580000)
  object space 175104K, 12% used [0x00000000e0000000,0x00000000e160f508,0x00000000eab00000)
 Metaspace       used 53453K, capacity 56009K, committed 56064K, reserved 1097728K
  class space    used 7339K, capacity 7934K, committed 7936K, reserved 1048576K

Card table byte_map: [0x00000173f3750000,0x00000173f3860000] byte_map_base: 0x00000173f3050000

Marking Bits: (ParMarkBitMap*) 0x00000000647cc820
 Begin Bits: [0x00000173f57c0000, 0x00000173f5fc0000)
 End Bits:   [0x00000173f5fc0000, 0x00000173f67c0000)

Polling page: 0x00000173f3720000

CodeCache: size=245760Kb used=17311Kb max_used=17311Kb free=228448Kb
 bounds [0x0000017380000000, 0x0000017381100000, 0x000001738f000000]
 total_blobs=5791 nmethods=5007 adapters=696
 compilation: enabled

Compilation events (10 events):
Event: 58.743 Thread 0x00000173f917b800 5400       3       com.google.common.collect.LinkedHashMultimap$ValueSet::setSuccessorInValueSet (6 bytes)
Event: 58.743 Thread 0x00000173f917b800 nmethod 5400 0x00000173810dc910 code [0x00000173810dca60, 0x00000173810dcbd8]
Event: 58.743 Thread 0x00000173f917b800 5401       3       com.google.common.collect.CompactLinkedHashMap::insertEntry (26 bytes)
Event: 58.744 Thread 0x00000173f917b800 nmethod 5401 0x00000173810dcc50 code [0x00000173810dce00, 0x00000173810dd340]
Event: 58.757 Thread 0x00000173f73cc800 nmethod 5348 0x00000173810e4990 code [0x00000173810e4da0, 0x00000173810e92e8]
Event: 58.757 Thread 0x00000173f73cc800 5402       4       java.lang.String::replace (127 bytes)
Event: 58.777 Thread 0x00000173f73cc800 nmethod 5402 0x00000173810e1150 code [0x00000173810e12a0, 0x00000173810e1738]
Event: 58.777 Thread 0x00000173f73cc800 5355       4       java.util.AbstractCollection::addAll (42 bytes)
Event: 58.790 Thread 0x00000173f917b800 5403       3       java.util.HashMap::comparableClassFor (105 bytes)
Event: 58.791 Thread 0x00000173f917b800 nmethod 5403 0x00000173810e3810 code [0x00000173810e3a20, 0x00000173810e4610]

GC Heap History (10 events):
Event: 49.147 GC heap before
{Heap before GC invocations=7 (full 1):
 PSYoungGen      total 76288K, used 73456K [0x00000000f5580000, 0x00000000fd700000, 0x0000000100000000)
  eden space 65536K, 100% used [0x00000000f5580000,0x00000000f9580000,0x00000000f9580000)
  from space 10752K, 73% used [0x00000000f9580000,0x00000000f9d3c200,0x00000000fa000000)
  to   space 11776K, 0% used [0x00000000fcb80000,0x00000000fcb80000,0x00000000fd700000)
 ParOldGen       total 175104K, used 8822K [0x00000000e0000000, 0x00000000eab00000, 0x00000000f5580000)
  object space 175104K, 5% used [0x00000000e0000000,0x00000000e089da60,0x00000000eab00000)
 Metaspace       used 32471K, capacity 33651K, committed 33920K, reserved 1079296K
  class space    used 4614K, capacity 4910K, committed 4992K, reserved 1048576K
Event: 49.175 GC heap after
Heap after GC invocations=7 (full 1):
 PSYoungGen      total 75264K, used 10422K [0x00000000f5580000, 0x00000000fd600000, 0x0000000100000000)
  eden space 64512K, 0% used [0x00000000f5580000,0x00000000f5580000,0x00000000f9480000)
  from space 10752K, 96% used [0x00000000fcb80000,0x00000000fd5ad9f0,0x00000000fd600000)
  to   space 12288K, 0% used [0x00000000fbe00000,0x00000000fbe00000,0x00000000fca00000)
 ParOldGen       total 175104K, used 8830K [0x00000000e0000000, 0x00000000eab00000, 0x00000000f5580000)
  object space 175104K, 5% used [0x00000000e0000000,0x00000000e089fa60,0x00000000eab00000)
 Metaspace       used 32471K, capacity 33651K, committed 33920K, reserved 1079296K
  class space    used 4614K, capacity 4910K, committed 4992K, reserved 1048576K
}
Event: 49.464 GC heap before
{Heap before GC invocations=8 (full 1):
 PSYoungGen      total 75264K, used 28116K [0x00000000f5580000, 0x00000000fd600000, 0x0000000100000000)
  eden space 64512K, 27% used [0x00000000f5580000,0x00000000f66c7740,0x00000000f9480000)
  from space 10752K, 96% used [0x00000000fcb80000,0x00000000fd5ad9f0,0x00000000fd600000)
  to   space 12288K, 0% used [0x00000000fbe00000,0x00000000fbe00000,0x00000000fca00000)
 ParOldGen       total 175104K, used 8830K [0x00000000e0000000, 0x00000000eab00000, 0x00000000f5580000)
  object space 175104K, 5% used [0x00000000e0000000,0x00000000e089fa60,0x00000000eab00000)
 Metaspace       used 34169K, capacity 35451K, committed 35496K, reserved 1079296K
  class space    used 4762K, capacity 5078K, committed 5120K, reserved 1048576K
Event: 49.494 GC heap after
Heap after GC invocations=8 (full 1):
 PSYoungGen      total 119296K, used 8723K [0x00000000f5580000, 0x00000000fe380000, 0x0000000100000000)
  eden space 107008K, 0% used [0x00000000f5580000,0x00000000f5580000,0x00000000fbe00000)
  from space 12288K, 70% used [0x00000000fbe00000,0x00000000fc684d20,0x00000000fca00000)
  to   space 11776K, 0% used [0x00000000fd800000,0x00000000fd800000,0x00000000fe380000)
 ParOldGen       total 175104K, used 8838K [0x00000000e0000000, 0x00000000eab00000, 0x00000000f5580000)
  object space 175104K, 5% used [0x00000000e0000000,0x00000000e08a1a60,0x00000000eab00000)
 Metaspace       used 34169K, capacity 35451K, committed 35496K, reserved 1079296K
  class space    used 4762K, capacity 5078K, committed 5120K, reserved 1048576K
}
Event: 49.494 GC heap before
{Heap before GC invocations=9 (full 2):
 PSYoungGen      total 119296K, used 8723K [0x00000000f5580000, 0x00000000fe380000, 0x0000000100000000)
  eden space 107008K, 0% used [0x00000000f5580000,0x00000000f5580000,0x00000000fbe00000)
  from space 12288K, 70% used [0x00000000fbe00000,0x00000000fc684d20,0x00000000fca00000)
  to   space 11776K, 0% used [0x00000000fd800000,0x00000000fd800000,0x00000000fe380000)
 ParOldGen       total 175104K, used 8838K [0x00000000e0000000, 0x00000000eab00000, 0x00000000f5580000)
  object space 175104K, 5% used [0x00000000e0000000,0x00000000e08a1a60,0x00000000eab00000)
 Metaspace       used 34169K, capacity 35451K, committed 35496K, reserved 1079296K
  class space    used 4762K, capacity 5078K, committed 5120K, reserved 1048576K
Event: 49.592 GC heap after
Heap after GC invocations=9 (full 2):
 PSYoungGen      total 119296K, used 0K [0x00000000f5580000, 0x00000000fe380000, 0x0000000100000000)
  eden space 107008K, 0% used [0x00000000f5580000,0x00000000f5580000,0x00000000fbe00000)
  from space 12288K, 0% used [0x00000000fbe00000,0x00000000fbe00000,0x00000000fca00000)
  to   space 11776K, 0% used [0x00000000fd800000,0x00000000fd800000,0x00000000fe380000)
 ParOldGen       total 175104K, used 15817K [0x00000000e0000000, 0x00000000eab00000, 0x00000000f5580000)
  object space 175104K, 9% used [0x00000000e0000000,0x00000000e0f72638,0x00000000eab00000)
 Metaspace       used 34169K, capacity 35451K, committed 35496K, reserved 1079296K
  class space    used 4762K, capacity 5078K, committed 5120K, reserved 1048576K
}
Event: 52.010 GC heap before
{Heap before GC invocations=10 (full 2):
 PSYoungGen      total 119296K, used 107008K [0x00000000f5580000, 0x00000000fe380000, 0x0000000100000000)
  eden space 107008K, 100% used [0x00000000f5580000,0x00000000fbe00000,0x00000000fbe00000)
  from space 12288K, 0% used [0x00000000fbe00000,0x00000000fbe00000,0x00000000fca00000)
  to   space 11776K, 0% used [0x00000000fd800000,0x00000000fd800000,0x00000000fe380000)
 ParOldGen       total 175104K, used 15817K [0x00000000e0000000, 0x00000000eab00000, 0x00000000f5580000)
  object space 175104K, 9% used [0x00000000e0000000,0x00000000e0f72638,0x00000000eab00000)
 Metaspace       used 38241K, capacity 40093K, committed 40320K, reserved 1083392K
  class space    used 5358K, capacity 5760K, committed 5760K, reserved 1048576K
Event: 52.020 GC heap after
Heap after GC invocations=10 (full 2):
 PSYoungGen      total 133632K, used 7677K [0x00000000f5580000, 0x00000000fff80000, 0x0000000100000000)
  eden space 121856K, 0% used [0x00000000f5580000,0x00000000f5580000,0x00000000fcc80000)
  from space 11776K, 65% used [0x00000000fd800000,0x00000000fdf7f6b8,0x00000000fe380000)
  to   space 11776K, 0% used [0x00000000fcc80000,0x00000000fcc80000,0x00000000fd800000)
 ParOldGen       total 175104K, used 15825K [0x00000000e0000000, 0x00000000eab00000, 0x00000000f5580000)
  object space 175104K, 9% used [0x00000000e0000000,0x00000000e0f74638,0x00000000eab00000)
 Metaspace       used 38241K, capacity 40093K, committed 40320K, reserved 1083392K
  class space    used 5358K, capacity 5760K, committed 5760K, reserved 1048576K
}
Event: 56.081 GC heap before
{Heap before GC invocations=11 (full 2):
 PSYoungGen      total 133632K, used 129533K [0x00000000f5580000, 0x00000000fff80000, 0x0000000100000000)
  eden space 121856K, 100% used [0x00000000f5580000,0x00000000fcc80000,0x00000000fcc80000)
  from space 11776K, 65% used [0x00000000fd800000,0x00000000fdf7f6b8,0x00000000fe380000)
  to   space 11776K, 0% used [0x00000000fcc80000,0x00000000fcc80000,0x00000000fd800000)
 ParOldGen       total 175104K, used 15825K [0x00000000e0000000, 0x00000000eab00000, 0x00000000f5580000)
  object space 175104K, 9% used [0x00000000e0000000,0x00000000e0f74638,0x00000000eab00000)
 Metaspace       used 48609K, capacity 50859K, committed 51072K, reserved 1093632K
  class space    used 6663K, capacity 7195K, committed 7296K, reserved 1048576K
Event: 56.110 GC heap after
Heap after GC invocations=11 (full 2):
 PSYoungGen      total 133632K, used 11758K [0x00000000f5580000, 0x0000000100000000, 0x0000000100000000)
  eden space 121856K, 0% used [0x00000000f5580000,0x00000000f5580000,0x00000000fcc80000)
  from space 11776K, 99% used [0x00000000fcc80000,0x00000000fd7fb810,0x00000000fd800000)
  to   space 15360K, 0% used [0x00000000ff100000,0x00000000ff100000,0x0000000100000000)
 ParOldGen       total 175104K, used 22589K [0x00000000e0000000, 0x00000000eab00000, 0x00000000f5580000)
  object space 175104K, 12% used [0x00000000e0000000,0x00000000e160f508,0x00000000eab00000)
 Metaspace       used 48609K, capacity 50859K, committed 51072K, reserved 1093632K
  class space    used 6663K, capacity 7195K, committed 7296K, reserved 1048576K
}

Deoptimization events (10 events):
Event: 58.171 Thread 0x00000173f91c2800 Uncommon trap: reason=unstable_if action=reinterpret pc=0x0000017380a090ac method=groovy.lang.MetaClassImpl$1MOPIter.methodNameAction(Ljava/lang/Class;Lorg/codehaus/groovy/runtime/metaclass/MetaMethodIndex$Entry;)V @ 182
Event: 58.224 Thread 0x00000173f91c2800 Uncommon trap: reason=bimorphic action=maybe_recompile pc=0x000001738094c9d0 method=java.util.AbstractCollection.addAll(Ljava/util/Collection;)Z @ 29
Event: 58.329 Thread 0x00000173f91c2800 Uncommon trap: reason=null_check action=make_not_entrant pc=0x000001738105da6c method=java.lang.Class.searchMethods([Ljava/lang/reflect/Method;Ljava/lang/String;[Ljava/lang/Class;)Ljava/lang/reflect/Method; @ 59
Event: 58.607 Thread 0x00000173f91c2800 Uncommon trap: reason=unstable_if action=reinterpret pc=0x0000017380a1bb9c method=org.codehaus.groovy.runtime.metaclass.MetaMethodIndex.addMethodToList(Ljava/lang/Object;Lgroovy/lang/MetaMethod;)Ljava/lang/Object; @ 256
Event: 58.719 Thread 0x00000173f91c2800 Uncommon trap: reason=unstable_if action=reinterpret pc=0x0000017380e413f4 method=java.util.HashMap.getNode(ILjava/lang/Object;)Ljava/util/HashMap$Node; @ 84
Event: 58.719 Thread 0x00000173f91c2800 Uncommon trap: reason=unstable_if action=reinterpret pc=0x00000173805e6718 method=java.util.HashMap.putVal(ILjava/lang/Object;Ljava/lang/Object;ZZ)Ljava/lang/Object; @ 109
Event: 58.719 Thread 0x00000173f91c2800 Uncommon trap: reason=unstable_if action=reinterpret pc=0x000001738107e100 method=java.util.HashMap.getNode(ILjava/lang/Object;)Ljava/util/HashMap$Node; @ 84
Event: 58.719 Thread 0x00000173f91c2800 Uncommon trap: reason=unstable_if action=reinterpret pc=0x000001738107f8a8 method=java.util.HashMap.putVal(ILjava/lang/Object;Ljava/lang/Object;ZZ)Ljava/lang/Object; @ 109
Event: 58.719 Thread 0x00000173f91c2800 Uncommon trap: reason=unstable_if action=reinterpret pc=0x00000173805cb29c method=java.util.HashMap.getNode(ILjava/lang/Object;)Ljava/util/HashMap$Node; @ 84
Event: 58.719 Thread 0x00000173f91c2800 Uncommon trap: reason=unstable_if action=reinterpret pc=0x000001738034dabc method=java.util.HashMap.resize()[Ljava/util/HashMap$Node; @ 206

Classes redefined (0 events):
No events

Internal exceptions (10 events):
Event: 58.611 Thread 0x00000173f91c2800 Exception <a 'java/lang/ClassNotFoundException': org/gradle/api/internal/artifacts/dependencies/DefaultExternalModuleDependency_DecoratedBeanInfo> (0x00000000fafd2c38) thrown at [C:\Jenkins\temp\workspace\build\src\hotspot\src\share\vm\classfile\systemDic
Event: 58.613 Thread 0x00000173f91c2800 Exception <a 'java/lang/ClassNotFoundException': org/gradle/api/internal/artifacts/dependencies/DefaultExternalModuleDependencyBeanInfo> (0x00000000fb041cc0) thrown at [C:\Jenkins\temp\workspace\build\src\hotspot\src\share\vm\classfile\systemDictionary.cp
Event: 58.616 Thread 0x00000173f91c2800 Exception <a 'java/lang/ClassNotFoundException': org/gradle/api/internal/artifacts/dependencies/AbstractExternalModuleDependencyBeanInfo> (0x00000000fb0b2190) thrown at [C:\Jenkins\temp\workspace\build\src\hotspot\src\share\vm\classfile\systemDictionary.c
Event: 58.617 Thread 0x00000173f91c2800 Exception <a 'java/lang/ClassNotFoundException': org/gradle/api/internal/artifacts/dependencies/AbstractModuleDependencyBeanInfo> (0x00000000fb102868) thrown at [C:\Jenkins\temp\workspace\build\src\hotspot\src\share\vm\classfile\systemDictionary.cpp, line
Event: 58.620 Thread 0x00000173f91c2800 Exception <a 'java/lang/ClassNotFoundException': org/gradle/api/internal/artifacts/dependencies/AbstractDependencyBeanInfo> (0x00000000fb14ebc8) thrown at [C:\Jenkins\temp\workspace\build\src\hotspot\src\share\vm\classfile\systemDictionary.cpp, line 217]
Event: 58.624 Thread 0x00000173f91c2800 Exception <a 'java/lang/ClassNotFoundException': org/gradle/api/internal/artifacts/dependencies/AbstractDependencyCustomizer> (0x00000000fb19d8e0) thrown at [C:\Jenkins\temp\workspace\build\src\hotspot\src\share\vm\classfile\systemDictionary.cpp, line 217
Event: 58.625 Thread 0x00000173f91c2800 Exception <a 'java/lang/ClassNotFoundException': org/gradle/api/internal/artifacts/dependencies/AbstractModuleDependencyCustomizer> (0x00000000fb1f25a0) thrown at [C:\Jenkins\temp\workspace\build\src\hotspot\src\share\vm\classfile\systemDictionary.cpp, li
Event: 58.628 Thread 0x00000173f91c2800 Exception <a 'java/lang/ClassNotFoundException': org/gradle/api/internal/artifacts/dependencies/AbstractExternalModuleDependencyCustomizer> (0x00000000fb28b408) thrown at [C:\Jenkins\temp\workspace\build\src\hotspot\src\share\vm\classfile\systemDictionary
Event: 58.630 Thread 0x00000173f91c2800 Exception <a 'java/lang/ClassNotFoundException': org/gradle/api/internal/artifacts/dependencies/DefaultExternalModuleDependencyCustomizer> (0x00000000fb3123a8) thrown at [C:\Jenkins\temp\workspace\build\src\hotspot\src\share\vm\classfile\systemDictionary.
Event: 58.632 Thread 0x00000173f91c2800 Exception <a 'java/lang/ClassNotFoundException': org/gradle/api/internal/artifacts/dependencies/DefaultExternalModuleDependency_DecoratedCustomizer> (0x00000000fb39ad98) thrown at [C:\Jenkins\temp\workspace\build\src\hotspot\src\share\vm\classfile\systemD

Events (10 events):
Event: 58.767 loading class org/gradle/api/internal/tasks/DefaultTaskLocalState
Event: 58.767 loading class org/gradle/api/internal/tasks/DefaultTaskLocalState done
Event: 58.768 loading class org/gradle/api/internal/file/copy/DefaultCopySpec
Event: 58.768 loading class org/gradle/api/internal/file/copy/DefaultCopySpec done
Event: 58.789 loading class org/gradle/api/internal/file/copy/CopySpecInternal$CopySpecVisitor
Event: 58.789 loading class org/gradle/api/internal/file/copy/CopySpecInternal$CopySpecVisitor done
Event: 58.789 loading class org/gradle/api/internal/file/copy/CopySpecInternal$CopySpecListener
Event: 58.789 loading class org/gradle/api/internal/file/copy/CopySpecInternal$CopySpecListener done
Event: 58.793 loading class org/gradle/api/file/FileCopyDetails
Event: 58.793 loading class org/gradle/api/file/FileCopyDetails done


Dynamic libraries:
0x00007ff6cc760000 - 0x00007ff6cc79a000 	C:\Scoop\apps\adopt8-hotspot\current\bin\java.exe
0x00007ffa41fb0000 - 0x00007ffa421a5000 	C:\WINDOWS\SYSTEM32\ntdll.dll
0x00007ffa40490000 - 0x00007ffa4054e000 	C:\WINDOWS\System32\KERNEL32.DLL
0x00007ffa3f730000 - 0x00007ffa3f9f8000 	C:\WINDOWS\System32\KERNELBASE.dll
0x00007ffa418b0000 - 0x00007ffa4195c000 	C:\WINDOWS\System32\ADVAPI32.dll
0x00007ffa40370000 - 0x00007ffa4040e000 	C:\WINDOWS\System32\msvcrt.dll
0x00007ffa41ed0000 - 0x00007ffa41f6b000 	C:\WINDOWS\System32\sechost.dll
0x00007ffa40630000 - 0x00007ffa4075a000 	C:\WINDOWS\System32\RPCRT4.dll
0x00007ffa40000000 - 0x00007ffa401a1000 	C:\WINDOWS\System32\USER32.dll
0x00007ffa3fe20000 - 0x00007ffa3fe42000 	C:\WINDOWS\System32\win32u.dll
0x00007ffa40810000 - 0x00007ffa4083b000 	C:\WINDOWS\System32\GDI32.dll
0x00007ffa3fa00000 - 0x00007ffa3fb0b000 	C:\WINDOWS\System32\gdi32full.dll
0x00007ffa3ff60000 - 0x00007ffa3fffd000 	C:\WINDOWS\System32\msvcp_win.dll
0x00007ffa3fb10000 - 0x00007ffa3fc10000 	C:\WINDOWS\System32\ucrtbase.dll
0x00007ffa1fba0000 - 0x00007ffa1fe3a000 	C:\WINDOWS\WinSxS\amd64_microsoft.windows.common-controls_6595b64144ccf1df_6.0.19041.1110_none_60b5254171f9507e\COMCTL32.dll
0x00007ffa40270000 - 0x00007ffa402a0000 	C:\WINDOWS\System32\IMM32.DLL
0x00007ff9f82d0000 - 0x00007ff9f83bf000 	C:\Scoop\apps\adopt8-hotspot\current\jre\bin\msvcr120.dll
0x00007ff9f8810000 - 0x00007ff9f88b6000 	C:\Scoop\apps\adopt8-hotspot\current\jre\bin\msvcp120.dll
0x0000000063fe0000 - 0x000000006484b000 	C:\Scoop\apps\adopt8-hotspot\current\jre\bin\server\jvm.dll
0x00007ffa40840000 - 0x00007ffa40848000 	C:\WINDOWS\System32\PSAPI.DLL
0x00007ffa29fa0000 - 0x00007ffa29fc7000 	C:\WINDOWS\SYSTEM32\WINMM.dll
0x00007ffa27eb0000 - 0x00007ffa27eb9000 	C:\WINDOWS\SYSTEM32\WSOCK32.dll
0x00007ffa33f50000 - 0x00007ffa33f5a000 	C:\WINDOWS\SYSTEM32\VERSION.dll
0x00007ffa41840000 - 0x00007ffa418ab000 	C:\WINDOWS\System32\WS2_32.dll
0x00007ffa37bf0000 - 0x00007ffa37bff000 	C:\Scoop\apps\adopt8-hotspot\current\jre\bin\verify.dll
0x00007ffa18e90000 - 0x00007ffa18eb9000 	C:\Scoop\apps\adopt8-hotspot\current\jre\bin\java.dll
0x00007ffa222f0000 - 0x00007ffa22306000 	C:\Scoop\apps\adopt8-hotspot\current\jre\bin\zip.dll
0x00007ffa40ce0000 - 0x00007ffa4141f000 	C:\WINDOWS\System32\SHELL32.dll
0x00007ffa3d4c0000 - 0x00007ffa3dc50000 	C:\WINDOWS\SYSTEM32\windows.storage.dll
0x00007ffa41420000 - 0x00007ffa41775000 	C:\WINDOWS\System32\combase.dll
0x00007ffa3f120000 - 0x00007ffa3f14e000 	C:\WINDOWS\SYSTEM32\Wldp.dll
0x00007ffa40760000 - 0x00007ffa4080d000 	C:\WINDOWS\System32\SHCORE.dll
0x00007ffa41780000 - 0x00007ffa417d5000 	C:\WINDOWS\System32\shlwapi.dll
0x00007ffa3f610000 - 0x00007ffa3f62f000 	C:\WINDOWS\SYSTEM32\profapi.dll
0x00007ffa1ead0000 - 0x00007ffa1eaea000 	C:\Scoop\apps\adopt8-hotspot\current\jre\bin\net.dll
0x00007ffa3ee80000 - 0x00007ffa3eeea000 	C:\WINDOWS\system32\mswsock.dll
0x00007ffa1e940000 - 0x00007ffa1e952000 	C:\Scoop\apps\adopt8-hotspot\current\jre\bin\nio.dll
0x00007ffa13950000 - 0x00007ffa13977000 	C:\Users\songf\.gradle\native\49d0259a56938c7f99b2704e745ce422c4f750a7a20b539a32ccef96729676b1\windows-amd64\native-platform.dll
0x00007ff9eafb0000 - 0x00007ff9eb146000 	C:\Users\songf\.gradle\native\12488b8bf47d2d4c9fbf2f6322a914ad602e24e48041cd04a747c6da556b65c4\windows-amd64\native-platform-file-events.dll
0x00007ffa224e0000 - 0x00007ffa224ed000 	C:\Scoop\apps\adopt8-hotspot\current\jre\bin\management.dll
0x00007ffa3f070000 - 0x00007ffa3f088000 	C:\WINDOWS\SYSTEM32\CRYPTSP.dll
0x00007ffa3e790000 - 0x00007ffa3e7c4000 	C:\WINDOWS\system32\rsaenh.dll
0x00007ffa3fee0000 - 0x00007ffa3ff07000 	C:\WINDOWS\System32\bcrypt.dll
0x00007ffa3f590000 - 0x00007ffa3f5be000 	C:\WINDOWS\SYSTEM32\USERENV.dll
0x00007ffa3fe50000 - 0x00007ffa3fed3000 	C:\WINDOWS\System32\bcryptprimitives.dll
0x00007ffa3f090000 - 0x00007ffa3f09c000 	C:\WINDOWS\SYSTEM32\CRYPTBASE.dll
0x00007ffa3eb20000 - 0x00007ffa3eb5b000 	C:\WINDOWS\SYSTEM32\IPHLPAPI.DLL
0x00007ffa41aa0000 - 0x00007ffa41aa8000 	C:\WINDOWS\System32\NSI.dll
0x00007ffa34760000 - 0x00007ffa34777000 	C:\WINDOWS\SYSTEM32\dhcpcsvc6.DLL
0x00007ffa33f00000 - 0x00007ffa33f1d000 	C:\WINDOWS\SYSTEM32\dhcpcsvc.DLL
0x00007ffa3eb60000 - 0x00007ffa3ec2b000 	C:\WINDOWS\SYSTEM32\DNSAPI.dll

VM Arguments:
jvm_args: -XX:MaxMetaspaceSize=256m -XX:+HeapDumpOnOutOfMemoryError -Xms256m -Xmx512m -Dfile.encoding=x-windows-949 -Duser.country=KR -Duser.language=ko -Duser.variant 
java_command: org.gradle.launcher.daemon.bootstrap.GradleDaemon 6.9
java_class_path (initial): C:\Users\songf\.gradle\wrapper\dists\gradle-6.9-all\dooywd8nv05k16orzxge2b1bs\gradle-6.9\lib\gradle-launcher-6.9.jar
Launcher Type: SUN_STANDARD

Environment Variables:
JAVA_HOME=C:\Scoop\apps\adopt8-hotspot\current
CLASSPATH=C:\Users\songf\Desktop\react\MyAccount\android\\gradle\wrapper\gradle-wrapper.jar
USERNAME=songf
OS=Windows_NT
PROCESSOR_IDENTIFIER=Intel64 Family 6 Model 142 Stepping 10, GenuineIntel



---------------  S Y S T E M  ---------------

OS: Windows 10.0 , 64 bit Build 19041 (10.0.19041.1348)

CPU:total 8 (initial active 8) (4 cores per cpu, 2 threads per core) family 6 model 142 stepping 10, cmov, cx8, fxsr, mmx, sse, sse2, sse3, ssse3, sse4.1, sse4.2, popcnt, avx, avx2, aes, clmul, erms, 3dnowpref, lzcnt, ht, tsc, tscinvbit, bmi1, bmi2, adx

Memory: 4k page, physical 8302004k(185620k free), swap 33467828k(4660k free)

vm_info: OpenJDK 64-Bit Server VM (25.292-b10) for windows-amd64 JRE (1.8.0_292-b10), built on Apr 21 2021 04:52:30 by "jenkins" with MS VC++ 12.0 (VS2013)

time: Wed Dec 08 13:41:46 2021
timezone: ¢¥eCN©öI¡¾©ö C¡ÍA¨ª¨öA
elapsed time: 58.882801 seconds (0d 0h 0m 58s)

